Removed Pin From Net: NetName=NetC?_1 Pin=C?-1
Removed Pin From Net: NetName=GND Pin=C?-2
Removed Pin From Net: NetName=GND Pin=J1-4
Removed Pin From Net: NetName=IN1 Pin=P1-1
Removed Pin From Net: NetName=IN2 Pin=P1-2
Removed Pin From Net: NetName=GND Pin=P1-3
Removed Pin From Net: NetName=GND Pin=U1-7
Removed Pin From Net: NetName=GND Pin=U2-2
Removed Pin From Net: NetName=GND Pin=U2-3
Removed Pin From Net: NetName=GND Pin=U2-5
Removed Pin From Net: NetName=GND Pin=U2-6
Removed Pin From Net: NetName=GND Pin=U2-7
Removed Pin From Net: NetName=IN1 Pin=U2-8
Removed Pin From Net: NetName=IN2 Pin=U2-9
Removed Pin From Net: NetName=NetC?_1 Pin=U2-10
Removed Pin From Net: NetName=NetR5_1 Pin=U2-13
Removed Member From Class: ClassName=EJ3_sch Member=C?
Removed Member From Class: ClassName=EJ3_sch Member=P1
Change Component Footprint: Designator=J1 Old Footprint=SIP4 New Footprint=BORNERA2
Change Component Comment : Designator=J1 Old Comment=CON4 New Comment=BORNERA 2
Added Component: Designator=C1(CAP200)
Add component. Clean all parameters for all variants
Added Component: Designator=J2(BORNERA3)
Add component. Clean all parameters for all variants
Added Component: Designator=J3(SIP3)
Add component. Clean all parameters for all variants
Added Component: Designator=TP6(TPTH)
Add component. Clean all parameters for all variants
Added Pin To Net: NetName=NetC?_1 Pin=C1-1
Added Pin To Net: NetName=NetD1_2 Pin=C1-2
Added Pin To Net: NetName=NetD1_2 Pin=J1-2
Added Pin To Net: NetName=IN1 Pin=J2-1
Added Pin To Net: NetName=IN2 Pin=J2-2
Added Pin To Net: NetName=NetD1_2 Pin=J2-3
Added Pin To Net: NetName=NetR5_1 Pin=J3-1
Added Pin To Net: NetName=GND Pin=J3-2
Added Pin To Net: NetName=NetC?_1 Pin=J3-3
Added Pin To Net: NetName=NetC?_1 Pin=TP6-1
Added Pin To Net: NetName=NetD1_2 Pin=U1-7
Added Pin To Net: NetName=NetD1_2 Pin=U2-2
Added Pin To Net: NetName=NetD1_2 Pin=U2-3
Added Pin To Net: NetName=NetD1_2 Pin=U2-5
Added Pin To Net: NetName=NetD1_2 Pin=U2-6
Added Pin To Net: NetName=NetD1_2 Pin=U2-7
Added Pin To Net: NetName=NetD1_2 Pin=U2-8
Added Pin To Net: NetName=NetD1_2 Pin=U2-9
Added Pin To Net: NetName=GND Pin=U2-13
Change Net Name : Old Net Name=GND New Net Name=COMP
Change Net Name : Old Net Name=NetC?_1 New Net Name=CAP
Change Net Name : Old Net Name=NetD1_2 New Net Name=GND
Change Net Name : Old Net Name=NetR5_1 New Net Name=LOAD
Added Member To Class: ClassName=EJ3_sch Member=Component C1 CAP
Added Member To Class: ClassName=EJ3_sch Member=Component J2 BORNERA 3
Added Member To Class: ClassName=EJ3_sch Member=Component J3 CON3
Added Member To Class: ClassName=EJ3_sch Member=Component TP6 TP
Added Room: Name=EJ3_sch
