Added Component: Designator=J1(SIP2*2)
Added Component: Designator=J2(SIP2*2)
Added Component: Designator=J3(SIP5)
Added Component: Designator=Q1(TO-220 V)
Added Component: Designator=Q2(TO-220 V)
Added Component: Designator=Q3(TO-220 V)
Added Component: Designator=R1(RES400)
Added Component: Designator=R2(RES400)
Added Component: Designator=R3(RES400)
Added Component: Designator=R4(RES400)
Added Component: Designator=R5(RES400)
Added Component: Designator=T1(TO92)
Added Component: Designator=T2(TO92)
Added Component: Designator=T3(TO92)
Added Pin To Net: NetName=CMOS_OUT Pin=J3-5
Added Pin To Net: NetName=CMOS_OUT Pin=Q2-2
Added Pin To Net: NetName=CMOS_OUT Pin=Q3-3
Added Net: Name=CMOS_OUT
Added Pin To Net: NetName=GND Pin=J1-1
Added Pin To Net: NetName=GND Pin=J1-3
Added Pin To Net: NetName=GND Pin=J2-1
Added Pin To Net: NetName=GND Pin=J2-3
Added Pin To Net: NetName=GND Pin=Q1-3
Added Pin To Net: NetName=GND Pin=Q2-3
Added Pin To Net: NetName=GND Pin=T1-3
Added Pin To Net: NetName=GND Pin=T3-3
Added Net: Name=GND
Added Pin To Net: NetName=IN Pin=J3-1
Added Pin To Net: NetName=IN Pin=Q1-1
Added Pin To Net: NetName=IN Pin=Q2-1
Added Pin To Net: NetName=IN Pin=Q3-1
Added Pin To Net: NetName=IN Pin=R1-2
Added Pin To Net: NetName=IN Pin=T2-3
Added Net: Name=IN
Added Pin To Net: NetName=MOS_OUT Pin=J3-4
Added Pin To Net: NetName=MOS_OUT Pin=Q1-2
Added Pin To Net: NetName=MOS_OUT Pin=R5-2
Added Net: Name=MOS_OUT
Added Pin To Net: NetName=NetR1_1 Pin=R1-1
Added Pin To Net: NetName=NetR1_1 Pin=T1-1
Added Net: Name=NetR1_1
Added Pin To Net: NetName=NetR3_1 Pin=R3-1
Added Pin To Net: NetName=NetR3_1 Pin=T2-1
Added Net: Name=NetR3_1
Added Pin To Net: NetName=NetT2_2 Pin=T2-2
Added Pin To Net: NetName=NetT2_2 Pin=T3-1
Added Net: Name=NetT2_2
Added Pin To Net: NetName=RTL_OUT Pin=J3-2
Added Pin To Net: NetName=RTL_OUT Pin=R2-1
Added Pin To Net: NetName=RTL_OUT Pin=T1-2
Added Net: Name=RTL_OUT
Added Pin To Net: NetName=TTL_OUT Pin=J3-3
Added Pin To Net: NetName=TTL_OUT Pin=R4-1
Added Pin To Net: NetName=TTL_OUT Pin=T3-2
Added Net: Name=TTL_OUT
Added Pin To Net: NetName=VCC Pin=J1-2
Added Pin To Net: NetName=VCC Pin=J1-4
Added Pin To Net: NetName=VCC Pin=J2-2
Added Pin To Net: NetName=VCC Pin=J2-4
Added Pin To Net: NetName=VCC Pin=Q3-2
Added Pin To Net: NetName=VCC Pin=R2-2
Added Pin To Net: NetName=VCC Pin=R3-2
Added Pin To Net: NetName=VCC Pin=R4-2
Added Pin To Net: NetName=VCC Pin=R5-1
Added Net: Name=VCC
Added Class: Name=CompuertasNOT_Sch
